<?xml version="1.0" encoding="UTF-8"?>
<testng-results skipped="0" failed="0" ignored="0" total="3" passed="3">
  <reporter-output>
  </reporter-output>
  <suite name="Default suite" duration-ms="21967" started-at="2022-04-28T00:31:49 IST" finished-at="2022-04-28T00:32:11 IST">
    <groups>
    </groups>
    <test name="Default test" duration-ms="21967" started-at="2022-04-28T00:31:49 IST" finished-at="2022-04-28T00:32:11 IST">
      <class name="testCases.HomePageTestCases">
        <test-method status="PASS" signature="beforeMethod()[pri:0, instance:testCases.HomePageTestCases@13eb8acf]" name="beforeMethod" is-config="true" duration-ms="5984" started-at="2022-04-28T00:31:49 IST" finished-at="2022-04-28T00:31:55 IST">
          <reporter-output>
          </reporter-output>
        </test-method> <!-- beforeMethod -->
        <test-method status="PASS" signature="verifyLoginUserNameTC()[pri:0, instance:testCases.HomePageTestCases@13eb8acf]" name="verifyLoginUserNameTC" duration-ms="2898" started-at="2022-04-28T00:31:55 IST" finished-at="2022-04-28T00:31:58 IST">
          <reporter-output>
          </reporter-output>
        </test-method> <!-- verifyLoginUserNameTC -->
        <test-method status="PASS" signature="afterMethod(org.testng.ITestResult)[pri:0, instance:testCases.HomePageTestCases@13eb8acf]" name="afterMethod" is-config="true" duration-ms="99" started-at="2022-04-28T00:31:58 IST" finished-at="2022-04-28T00:31:58 IST">
          <params>
            <param index="0">
              <value>
                <![CDATA[[TestResult name=verifyLoginUserNameTC status=SUCCESS method=HomePageTestCases.verifyLoginUserNameTC()[pri:0, instance:testCases.HomePageTestCases@13eb8acf] output={null}]]]>
              </value>
            </param>
          </params>
          <reporter-output>
          </reporter-output>
        </test-method> <!-- afterMethod -->
        <test-method status="PASS" signature="beforeMethod()[pri:0, instance:testCases.HomePageTestCases@13eb8acf]" name="beforeMethod" is-config="true" duration-ms="3913" started-at="2022-04-28T00:31:58 IST" finished-at="2022-04-28T00:32:02 IST">
          <reporter-output>
          </reporter-output>
        </test-method> <!-- beforeMethod -->
        <test-method status="PASS" signature="verifyManagePagesMoreInfoLink()[pri:0, instance:testCases.HomePageTestCases@13eb8acf]" name="verifyManagePagesMoreInfoLink" duration-ms="3252" started-at="2022-04-28T00:32:02 IST" finished-at="2022-04-28T00:32:05 IST">
          <reporter-output>
          </reporter-output>
        </test-method> <!-- verifyManagePagesMoreInfoLink -->
        <test-method status="PASS" signature="afterMethod(org.testng.ITestResult)[pri:0, instance:testCases.HomePageTestCases@13eb8acf]" name="afterMethod" is-config="true" duration-ms="99" started-at="2022-04-28T00:32:05 IST" finished-at="2022-04-28T00:32:05 IST">
          <params>
            <param index="0">
              <value>
                <![CDATA[[TestResult name=verifyManagePagesMoreInfoLink status=SUCCESS method=HomePageTestCases.verifyManagePagesMoreInfoLink()[pri:0, instance:testCases.HomePageTestCases@13eb8acf] output={null}]]]>
              </value>
            </param>
          </params>
          <reporter-output>
          </reporter-output>
        </test-method> <!-- afterMethod -->
        <test-method status="PASS" signature="beforeMethod()[pri:0, instance:testCases.HomePageTestCases@13eb8acf]" name="beforeMethod" is-config="true" duration-ms="3849" started-at="2022-04-28T00:32:05 IST" finished-at="2022-04-28T00:32:09 IST">
          <reporter-output>
          </reporter-output>
        </test-method> <!-- beforeMethod -->
        <test-method status="PASS" signature="verifyTotalNumberOfDashboardItems()[pri:0, instance:testCases.HomePageTestCases@13eb8acf]" name="verifyTotalNumberOfDashboardItems" duration-ms="1743" started-at="2022-04-28T00:32:09 IST" finished-at="2022-04-28T00:32:11 IST">
          <reporter-output>
          </reporter-output>
        </test-method> <!-- verifyTotalNumberOfDashboardItems -->
        <test-method status="PASS" signature="afterMethod(org.testng.ITestResult)[pri:0, instance:testCases.HomePageTestCases@13eb8acf]" name="afterMethod" is-config="true" duration-ms="79" started-at="2022-04-28T00:32:11 IST" finished-at="2022-04-28T00:32:11 IST">
          <params>
            <param index="0">
              <value>
                <![CDATA[[TestResult name=verifyTotalNumberOfDashboardItems status=SUCCESS method=HomePageTestCases.verifyTotalNumberOfDashboardItems()[pri:0, instance:testCases.HomePageTestCases@13eb8acf] output={null}]]]>
              </value>
            </param>
          </params>
          <reporter-output>
          </reporter-output>
        </test-method> <!-- afterMethod -->
      </class> <!-- testCases.HomePageTestCases -->
    </test> <!-- Default test -->
  </suite> <!-- Default suite -->
</testng-results>
