<?xml version="1.0" encoding="UTF-8"?>
<testng-results skipped="0" failed="0" ignored="0" total="3" passed="3">
  <reporter-output>
  </reporter-output>
  <suite name="Default suite" duration-ms="25695" started-at="2022-04-28T04:54:27 IST" finished-at="2022-04-28T04:54:52 IST">
    <groups>
    </groups>
    <test name="Default test" duration-ms="25695" started-at="2022-04-28T04:54:27 IST" finished-at="2022-04-28T04:54:52 IST">
      <class name="testCases.HomePageTestCases">
        <test-method status="PASS" signature="beforeMethod()[pri:0, instance:testCases.HomePageTestCases@13eb8acf]" name="beforeMethod" is-config="true" duration-ms="7725" started-at="2022-04-28T04:54:27 IST" finished-at="2022-04-28T04:54:34 IST">
          <reporter-output>
          </reporter-output>
        </test-method> <!-- beforeMethod -->
        <test-method status="PASS" signature="verifyLoginUserNameTC()[pri:0, instance:testCases.HomePageTestCases@13eb8acf]" name="verifyLoginUserNameTC" duration-ms="3656" started-at="2022-04-28T04:54:34 IST" finished-at="2022-04-28T04:54:38 IST">
          <reporter-output>
          </reporter-output>
        </test-method> <!-- verifyLoginUserNameTC -->
        <test-method status="PASS" signature="afterMethod(org.testng.ITestResult)[pri:0, instance:testCases.HomePageTestCases@13eb8acf]" name="afterMethod" is-config="true" duration-ms="118" started-at="2022-04-28T04:54:38 IST" finished-at="2022-04-28T04:54:38 IST">
          <params>
            <param index="0">
              <value>
                <![CDATA[[TestResult name=verifyLoginUserNameTC status=SUCCESS method=HomePageTestCases.verifyLoginUserNameTC()[pri:0, instance:testCases.HomePageTestCases@13eb8acf] output={null}]]]>
              </value>
            </param>
          </params>
          <reporter-output>
          </reporter-output>
        </test-method> <!-- afterMethod -->
        <test-method status="PASS" signature="beforeMethod()[pri:0, instance:testCases.HomePageTestCases@13eb8acf]" name="beforeMethod" is-config="true" duration-ms="4322" started-at="2022-04-28T04:54:38 IST" finished-at="2022-04-28T04:54:42 IST">
          <reporter-output>
          </reporter-output>
        </test-method> <!-- beforeMethod -->
        <test-method status="PASS" signature="verifyManagePagesMoreInfoLink()[pri:0, instance:testCases.HomePageTestCases@13eb8acf]" name="verifyManagePagesMoreInfoLink" duration-ms="3238" started-at="2022-04-28T04:54:42 IST" finished-at="2022-04-28T04:54:46 IST">
          <reporter-output>
          </reporter-output>
        </test-method> <!-- verifyManagePagesMoreInfoLink -->
        <test-method status="PASS" signature="afterMethod(org.testng.ITestResult)[pri:0, instance:testCases.HomePageTestCases@13eb8acf]" name="afterMethod" is-config="true" duration-ms="105" started-at="2022-04-28T04:54:46 IST" finished-at="2022-04-28T04:54:46 IST">
          <params>
            <param index="0">
              <value>
                <![CDATA[[TestResult name=verifyManagePagesMoreInfoLink status=SUCCESS method=HomePageTestCases.verifyManagePagesMoreInfoLink()[pri:0, instance:testCases.HomePageTestCases@13eb8acf] output={null}]]]>
              </value>
            </param>
          </params>
          <reporter-output>
          </reporter-output>
        </test-method> <!-- afterMethod -->
        <test-method status="PASS" signature="beforeMethod()[pri:0, instance:testCases.HomePageTestCases@13eb8acf]" name="beforeMethod" is-config="true" duration-ms="4200" started-at="2022-04-28T04:54:46 IST" finished-at="2022-04-28T04:54:50 IST">
          <reporter-output>
          </reporter-output>
        </test-method> <!-- beforeMethod -->
        <test-method status="PASS" signature="verifyTotalNumberOfDashboardItems()[pri:0, instance:testCases.HomePageTestCases@13eb8acf]" name="verifyTotalNumberOfDashboardItems" duration-ms="2089" started-at="2022-04-28T04:54:50 IST" finished-at="2022-04-28T04:54:52 IST">
          <reporter-output>
          </reporter-output>
        </test-method> <!-- verifyTotalNumberOfDashboardItems -->
        <test-method status="PASS" signature="afterMethod(org.testng.ITestResult)[pri:0, instance:testCases.HomePageTestCases@13eb8acf]" name="afterMethod" is-config="true" duration-ms="144" started-at="2022-04-28T04:54:52 IST" finished-at="2022-04-28T04:54:52 IST">
          <params>
            <param index="0">
              <value>
                <![CDATA[[TestResult name=verifyTotalNumberOfDashboardItems status=SUCCESS method=HomePageTestCases.verifyTotalNumberOfDashboardItems()[pri:0, instance:testCases.HomePageTestCases@13eb8acf] output={null}]]]>
              </value>
            </param>
          </params>
          <reporter-output>
          </reporter-output>
        </test-method> <!-- afterMethod -->
      </class> <!-- testCases.HomePageTestCases -->
    </test> <!-- Default test -->
  </suite> <!-- Default suite -->
</testng-results>
