<?xml version="1.0" encoding="UTF-8"?>
<testng-results skipped="0" failed="0" ignored="0" total="2" passed="2">
  <reporter-output>
  </reporter-output>
  <suite name="Default suite" duration-ms="13513" started-at="2022-04-28T04:46:42 IST" finished-at="2022-04-28T04:46:56 IST">
    <groups>
    </groups>
    <test name="Default test" duration-ms="13513" started-at="2022-04-28T04:46:42 IST" finished-at="2022-04-28T04:46:56 IST">
      <class name="testCases.LoginPageTestCases">
        <test-method status="PASS" signature="beforeMethod()[pri:0, instance:testCases.LoginPageTestCases@8e24743]" name="beforeMethod" is-config="true" duration-ms="7553" started-at="2022-04-28T04:46:42 IST" finished-at="2022-04-28T04:46:50 IST">
          <reporter-output>
          </reporter-output>
        </test-method> <!-- beforeMethod -->
        <test-method status="PASS" signature="verifyInvalidUser()[pri:0, instance:testCases.LoginPageTestCases@8e24743]" name="verifyInvalidUser" duration-ms="1291" started-at="2022-04-28T04:46:50 IST" finished-at="2022-04-28T04:46:51 IST">
          <reporter-output>
          </reporter-output>
        </test-method> <!-- verifyInvalidUser -->
        <test-method status="PASS" signature="afterMethod(org.testng.ITestResult)[pri:0, instance:testCases.LoginPageTestCases@8e24743]" name="afterMethod" is-config="true" duration-ms="133" started-at="2022-04-28T04:46:51 IST" finished-at="2022-04-28T04:46:51 IST">
          <params>
            <param index="0">
              <value>
                <![CDATA[[TestResult name=verifyInvalidUser status=SUCCESS method=LoginPageTestCases.verifyInvalidUser()[pri:0, instance:testCases.LoginPageTestCases@8e24743] output={null}]]]>
              </value>
            </param>
          </params>
          <reporter-output>
          </reporter-output>
        </test-method> <!-- afterMethod -->
        <test-method status="PASS" signature="beforeMethod()[pri:0, instance:testCases.LoginPageTestCases@8e24743]" name="beforeMethod" is-config="true" duration-ms="4289" started-at="2022-04-28T04:46:51 IST" finished-at="2022-04-28T04:46:55 IST">
          <reporter-output>
          </reporter-output>
        </test-method> <!-- beforeMethod -->
        <test-method status="PASS" signature="verifyLoginButtonText()[pri:0, instance:testCases.LoginPageTestCases@8e24743]" name="verifyLoginButtonText" duration-ms="70" started-at="2022-04-28T04:46:55 IST" finished-at="2022-04-28T04:46:55 IST">
          <reporter-output>
          </reporter-output>
        </test-method> <!-- verifyLoginButtonText -->
        <test-method status="PASS" signature="afterMethod(org.testng.ITestResult)[pri:0, instance:testCases.LoginPageTestCases@8e24743]" name="afterMethod" is-config="true" duration-ms="114" started-at="2022-04-28T04:46:55 IST" finished-at="2022-04-28T04:46:56 IST">
          <params>
            <param index="0">
              <value>
                <![CDATA[[TestResult name=verifyLoginButtonText status=SUCCESS method=LoginPageTestCases.verifyLoginButtonText()[pri:0, instance:testCases.LoginPageTestCases@8e24743] output={null}]]]>
              </value>
            </param>
          </params>
          <reporter-output>
          </reporter-output>
        </test-method> <!-- afterMethod -->
      </class> <!-- testCases.LoginPageTestCases -->
    </test> <!-- Default test -->
  </suite> <!-- Default suite -->
</testng-results>
