<?xml version="1.0" encoding="UTF-8"?>
<!-- Generated by org.testng.reporters.JUnitXMLReporter -->
<testsuite hostname="LAPTOP-NCMTQCEJ" ignored="0" name="Default test" tests="3" failures="0" timestamp="2022-04-28T00:32:11 IST" time="21.967" errors="0">
  <testcase name="verifyLoginUserNameTC" time="2.898" classname="testCases.HomePageTestCases"/>
  <testcase name="verifyManagePagesMoreInfoLink" time="3.252" classname="testCases.HomePageTestCases"/>
  <testcase name="verifyTotalNumberOfDashboardItems" time="1.743" classname="testCases.HomePageTestCases"/>
</testsuite> <!-- Default test -->
