<?xml version="1.0" encoding="UTF-8"?>
<!-- Generated by org.testng.reporters.JUnitXMLReporter -->
<testsuite hostname="LAPTOP-NCMTQCEJ" ignored="0" name="Default test" tests="3" failures="0" timestamp="2022-04-28T04:54:52 IST" time="25.695" errors="0">
  <testcase name="verifyLoginUserNameTC" time="3.656" classname="testCases.HomePageTestCases"/>
  <testcase name="verifyManagePagesMoreInfoLink" time="3.238" classname="testCases.HomePageTestCases"/>
  <testcase name="verifyTotalNumberOfDashboardItems" time="2.089" classname="testCases.HomePageTestCases"/>
</testsuite> <!-- Default test -->
