<?xml version="1.0" encoding="UTF-8"?>
<!-- Generated by org.testng.reporters.JUnitXMLReporter -->
<testsuite hostname="LAPTOP-NCMTQCEJ" ignored="0" name="Default test" tests="3" failures="0" timestamp="2022-04-27T11:53:35 IST" time="22.384" errors="0">
  <testcase name="verifyLoginUserNameTC" time="2.518" classname="testCases.HomePageTestCases"/>
  <testcase name="verifyManagePagesMoreInfoLink" time="2.623" classname="testCases.HomePageTestCases"/>
  <testcase name="verifyTotalNumberOfDashboardItems" time="2.105" classname="testCases.HomePageTestCases"/>
</testsuite> <!-- Default test -->
